[20:42:00] [Client thread/INFO]: Setting user: Player22
[20:42:06] [Client thread/INFO]: LWJGL Version: 2.9.2
[20:42:11] [Client thread/INFO]: Reloading ResourceManager: Default, FMLFileResourcePack:Forge Mod Loader, FMLFileResourcePack:Minecraft Forge, FMLFileResourcePack:Example Mod
[20:42:11] [Sound Library Loader/INFO]: Starting up SoundSystem...
[20:42:11] [Thread-7/INFO]: Initializing LWJGL OpenAL
[20:42:11] [Thread-7/INFO]: (The LWJGL binding of OpenAL.  For more information, see http://www.lwjgl.org)
[20:42:11] [Thread-7/INFO]: OpenAL initialized.
[20:42:12] [Sound Library Loader/INFO]: Sound engine started
[20:42:14] [Client thread/INFO]: Created: 512x512 textures-atlas
[20:42:16] [Client thread/INFO]: Reloading ResourceManager: Default, FMLFileResourcePack:Forge Mod Loader, FMLFileResourcePack:Minecraft Forge, FMLFileResourcePack:Example Mod
[20:42:16] [Client thread/INFO]: SoundSystem shutting down...
[20:42:16] [Client thread/WARN]: Author: Paul Lamb, www.paulscode.com
[20:42:16] [Sound Library Loader/INFO]: Starting up SoundSystem...
[20:42:16] [Thread-9/INFO]: Initializing LWJGL OpenAL
[20:42:16] [Thread-9/INFO]: (The LWJGL binding of OpenAL.  For more information, see http://www.lwjgl.org)
[20:42:16] [Thread-9/INFO]: OpenAL initialized.
[20:42:17] [Sound Library Loader/INFO]: Sound engine started
[20:42:18] [Client thread/INFO]: Created: 512x512 textures-atlas
[20:42:28] [Client thread/INFO]: Stopping!
[20:42:28] [Client thread/INFO]: SoundSystem shutting down...
[20:42:29] [Client thread/WARN]: Author: Paul Lamb, www.paulscode.com
